1616481550689	mozrunner::runner	INFO	Running command: "C:\\Program Files\\Mozilla Firefox\\firefox.exe" "-marionette" "-foreground" "-no-remote" "-profile" "C:\\Users\\SHIYUQ~1\\AppData\\Local\\Temp\\rust_mozprofile.haEpZ5gGP3Sd"
JavaScript error: resource://gre/modules/XULStore.jsm, line 66: Error: Can't find profile directory.
console.warn: SearchSettings: "get: No settings file exists, new profile?" (new Error("", "(unknown module)"))
1616481554695	Marionette	INFO	Listening on port 52905
1616481555055	Marionette	WARN	TLS certificate errors will be ignored for this session
1616481559027	Marionette	INFO	Stopped listening on port 52905
JavaScript error: resource://activity-stream/lib/ASRouter.jsm, line 988: NS_ERROR_ILLEGAL_VALUE: Component returned failure code: 0x80070057 (NS_ERROR_ILLEGAL_VALUE) [nsIObserverService.removeObserver]

###!!! [Child][RunMessage] Error: Channel closing: too late to send/recv, messages will be lost

1616481563589	mozrunner::runner	INFO	Running command: "C:\\Program Files\\Mozilla Firefox\\firefox.exe" "-marionette" "-foreground" "-no-remote" "-profile" "C:\\Users\\SHIYUQ~1\\AppData\\Local\\Temp\\rust_mozprofile.vEKGXM8ZFmY6"
JavaScript error: resource://gre/modules/XULStore.jsm, line 66: Error: Can't find profile directory.
console.warn: SearchSettings: "get: No settings file exists, new profile?" (new Error("", "(unknown module)"))
1616481567866	Marionette	INFO	Listening on port 52995
1616481567960	Marionette	WARN	TLS certificate errors will be ignored for this session
1616481572221	Marionette	INFO	Stopped listening on port 52995
JavaScript error: resource://activity-stream/lib/ASRouter.jsm, line 988: NS_ERROR_ILLEGAL_VALUE: Component returned failure code: 0x80070057 (NS_ERROR_ILLEGAL_VALUE) [nsIObserverService.removeObserver]

###!!! [Child][RunMessage] Error: Channel closing: too late to send/recv, messages will be lost

1616482307057	mozrunner::runner	INFO	Running command: "C:\\Program Files\\Mozilla Firefox\\firefox.exe" "-marionette" "-foreground" "-no-remote" "-profile" "C:\\Users\\SHIYUQ~1\\AppData\\Local\\Temp\\rust_mozprofile.UGADnTHDDbEU"
JavaScript error: resource://gre/modules/XULStore.jsm, line 66: Error: Can't find profile directory.
console.warn: SearchSettings: "get: No settings file exists, new profile?" (new Error("", "(unknown module)"))
1616482311511	Marionette	INFO	Listening on port 53242
1616482312189	Marionette	WARN	TLS certificate errors will be ignored for this session
1616482316113	Marionette	INFO	Stopped listening on port 53242
JavaScript error: resource://activity-stream/lib/ASRouter.jsm, line 988: NS_ERROR_ILLEGAL_VALUE: Component returned failure code: 0x80070057 (NS_ERROR_ILLEGAL_VALUE) [nsIObserverService.removeObserver]

###!!! [Child][RunMessage] Error: Channel closing: too late to send/recv, messages will be lost

1616482320409	mozrunner::runner	INFO	Running command: "C:\\Program Files\\Mozilla Firefox\\firefox.exe" "-marionette" "-foreground" "-no-remote" "-profile" "C:\\Users\\SHIYUQ~1\\AppData\\Local\\Temp\\rust_mozprofile.9Z2oXqgqjlbe"
JavaScript error: resource://gre/modules/XULStore.jsm, line 66: Error: Can't find profile directory.
console.warn: SearchSettings: "get: No settings file exists, new profile?" (new Error("", "(unknown module)"))
1616482324525	Marionette	INFO	Listening on port 53322
1616482324778	Marionette	WARN	TLS certificate errors will be ignored for this session
1616482328804	Marionette	INFO	Stopped listening on port 53322
JavaScript error: resource://activity-stream/lib/ASRouter.jsm, line 988: NS_ERROR_ILLEGAL_VALUE: Component returned failure code: 0x80070057 (NS_ERROR_ILLEGAL_VALUE) [nsIObserverService.removeObserver]
console.warn: services.settings: main/whats-new-panel sync interrupted by shutdown

###!!! [Child][RunMessage] Error: Channel closing: too late to send/recv, messages will be lost

1616482435828	mozrunner::runner	INFO	Running command: "C:\\Program Files\\Mozilla Firefox\\firefox.exe" "-marionette" "-foreground" "-no-remote" "-profile" "C:\\Users\\SHIYUQ~1\\AppData\\Local\\Temp\\rust_mozprofile.tK365LSid361"
JavaScript error: resource://gre/modules/XULStore.jsm, line 66: Error: Can't find profile directory.
console.warn: SearchSettings: "get: No settings file exists, new profile?" (new Error("", "(unknown module)"))
1616482440015	Marionette	INFO	Listening on port 53436
1616482440272	Marionette	WARN	TLS certificate errors will be ignored for this session
1616482444283	Marionette	INFO	Stopped listening on port 53436
JavaScript error: resource://activity-stream/lib/ASRouter.jsm, line 988: NS_ERROR_ILLEGAL_VALUE: Component returned failure code: 0x80070057 (NS_ERROR_ILLEGAL_VALUE) [nsIObserverService.removeObserver]

###!!! [Child][RunMessage] Error: Channel closing: too late to send/recv, messages will be lost

1616482448616	mozrunner::runner	INFO	Running command: "C:\\Program Files\\Mozilla Firefox\\firefox.exe" "-marionette" "-foreground" "-no-remote" "-profile" "C:\\Users\\SHIYUQ~1\\AppData\\Local\\Temp\\rust_mozprofile.6i3GnZUGPYqe"
JavaScript error: resource://gre/modules/XULStore.jsm, line 66: Error: Can't find profile directory.
console.warn: SearchSettings: "get: No settings file exists, new profile?" (new Error("", "(unknown module)"))
1616482452601	Marionette	INFO	Listening on port 53517
1616482452971	Marionette	WARN	TLS certificate errors will be ignored for this session
1616482456934	Marionette	INFO	Stopped listening on port 53517
JavaScript error: resource://activity-stream/lib/ASRouter.jsm, line 988: NS_ERROR_ILLEGAL_VALUE: Component returned failure code: 0x80070057 (NS_ERROR_ILLEGAL_VALUE) [nsIObserverService.removeObserver]

###!!! [Child][RunMessage] Error: Channel closing: too late to send/recv, messages will be lost

1616482522810	mozrunner::runner	INFO	Running command: "C:\\Program Files\\Mozilla Firefox\\firefox.exe" "-marionette" "-foreground" "-no-remote" "-profile" "C:\\Users\\SHIYUQ~1\\AppData\\Local\\Temp\\rust_mozprofile.3FQJS503aexi"
JavaScript error: resource://gre/modules/XULStore.jsm, line 66: Error: Can't find profile directory.
console.warn: SearchSettings: "get: No settings file exists, new profile?" (new Error("", "(unknown module)"))
1616482527058	Marionette	INFO	Listening on port 53640
1616482527171	Marionette	WARN	TLS certificate errors will be ignored for this session
1616482531261	Marionette	INFO	Stopped listening on port 53640
JavaScript error: resource://activity-stream/lib/ASRouter.jsm, line 988: NS_ERROR_ILLEGAL_VALUE: Component returned failure code: 0x80070057 (NS_ERROR_ILLEGAL_VALUE) [nsIObserverService.removeObserver]
console.error: services.settings: 
  main/fxmonitor-breaches Signature failed  TypeError: NetworkError when attempting to fetch resource.

###!!! [Child][RunMessage] Error: Channel closing: too late to send/recv, messages will be lost

1616482535553	mozrunner::runner	INFO	Running command: "C:\\Program Files\\Mozilla Firefox\\firefox.exe" "-marionette" "-foreground" "-no-remote" "-profile" "C:\\Users\\SHIYUQ~1\\AppData\\Local\\Temp\\rust_mozprofile.fEdIyoOIGk4u"
JavaScript error: resource://gre/modules/XULStore.jsm, line 66: Error: Can't find profile directory.
console.warn: SearchSettings: "get: No settings file exists, new profile?" (new Error("", "(unknown module)"))
1616482539687	Marionette	INFO	Listening on port 53715
1616482539896	Marionette	WARN	TLS certificate errors will be ignored for this session
1616482544274	Marionette	INFO	Stopped listening on port 53715
JavaScript error: resource://activity-stream/lib/ASRouter.jsm, line 988: NS_ERROR_ILLEGAL_VALUE: Component returned failure code: 0x80070057 (NS_ERROR_ILLEGAL_VALUE) [nsIObserverService.removeObserver]

###!!! [Child][RunMessage] Error: Channel closing: too late to send/recv, messages will be lost

1616483611962	mozrunner::runner	INFO	Running command: "C:\\Program Files\\Mozilla Firefox\\firefox.exe" "-marionette" "-foreground" "-no-remote" "-profile" "C:\\Users\\SHIYUQ~1\\AppData\\Local\\Temp\\rust_mozprofile.VIwKYxp4RjiT"
JavaScript error: resource://gre/modules/XULStore.jsm, line 66: Error: Can't find profile directory.
console.warn: SearchSettings: "get: No settings file exists, new profile?" (new Error("", "(unknown module)"))
1616483616355	Marionette	INFO	Listening on port 53981
1616483616462	Marionette	WARN	TLS certificate errors will be ignored for this session
1616483620562	Marionette	INFO	Stopped listening on port 53981
JavaScript error: resource://activity-stream/lib/ASRouter.jsm, line 988: NS_ERROR_ILLEGAL_VALUE: Component returned failure code: 0x80070057 (NS_ERROR_ILLEGAL_VALUE) [nsIObserverService.removeObserver]

###!!! [Child][RunMessage] Error: Channel closing: too late to send/recv, messages will be lost

1616483624842	mozrunner::runner	INFO	Running command: "C:\\Program Files\\Mozilla Firefox\\firefox.exe" "-marionette" "-foreground" "-no-remote" "-profile" "C:\\Users\\SHIYUQ~1\\AppData\\Local\\Temp\\rust_mozprofile.WxokPewMQ70P"
JavaScript error: resource://gre/modules/XULStore.jsm, line 66: Error: Can't find profile directory.
console.warn: SearchSettings: "get: No settings file exists, new profile?" (new Error("", "(unknown module)"))
1616483628888	Marionette	INFO	Listening on port 54054
1616483629202	Marionette	WARN	TLS certificate errors will be ignored for this session
1616483633225	Marionette	INFO	Stopped listening on port 54054
JavaScript error: resource://activity-stream/lib/ASRouter.jsm, line 988: NS_ERROR_ILLEGAL_VALUE: Component returned failure code: 0x80070057 (NS_ERROR_ILLEGAL_VALUE) [nsIObserverService.removeObserver]
console.error: services.settings: 
  main/partitioning-exempt-urls Signature failed  TypeError: NetworkError when attempting to fetch resource.

###!!! [Parent][RunMessage] Error: Channel error: cannot send/recv


###!!! [Child][RunMessage] Error: Channel closing: too late to send/recv, messages will be lost

[Parent 24160, IPC I/O Parent] WARNING: pipe error: 232: file /builds/worker/checkouts/gecko/ipc/chromium/src/chrome/common/ipc_channel_win.cc:545
1616483747332	mozrunner::runner	INFO	Running command: "C:\\Program Files\\Mozilla Firefox\\firefox.exe" "-marionette" "-foreground" "-no-remote" "-profile" "C:\\Users\\SHIYUQ~1\\AppData\\Local\\Temp\\rust_mozprofile.7uPlbR9TMa9f"
JavaScript error: resource://gre/modules/XULStore.jsm, line 66: Error: Can't find profile directory.
console.warn: SearchSettings: "get: No settings file exists, new profile?" (new Error("", "(unknown module)"))
1616483751720	Marionette	INFO	Listening on port 54170
1616483751792	Marionette	WARN	TLS certificate errors will be ignored for this session
1616483755980	Marionette	INFO	Stopped listening on port 54170
JavaScript error: resource://activity-stream/lib/ASRouter.jsm, line 988: NS_ERROR_ILLEGAL_VALUE: Component returned failure code: 0x80070057 (NS_ERROR_ILLEGAL_VALUE) [nsIObserverService.removeObserver]
console.error: services.settings: 
  main/fxmonitor-breaches Signature failed  TypeError: NetworkError when attempting to fetch resource.
console.error: services.settings: 
  main/cfr Signature failed  TypeError: NetworkError when attempting to fetch resource.

###!!! [Child][RunMessage] Error: Channel closing: too late to send/recv, messages will be lost


###!!! [Child][RunMessage] Error: Channel closing: too late to send/recv, messages will be lost

1616483760338	mozrunner::runner	INFO	Running command: "C:\\Program Files\\Mozilla Firefox\\firefox.exe" "-marionette" "-foreground" "-no-remote" "-profile" "C:\\Users\\SHIYUQ~1\\AppData\\Local\\Temp\\rust_mozprofile.QE6MtD8dMvsq"
JavaScript error: resource://gre/modules/XULStore.jsm, line 66: Error: Can't find profile directory.
console.warn: SearchSettings: "get: No settings file exists, new profile?" (new Error("", "(unknown module)"))
1616483764358	Marionette	INFO	Listening on port 54259
1616483764689	Marionette	WARN	TLS certificate errors will be ignored for this session
1616483768765	Marionette	INFO	Stopped listening on port 54259
JavaScript error: resource://activity-stream/lib/ASRouter.jsm, line 988: NS_ERROR_ILLEGAL_VALUE: Component returned failure code: 0x80070057 (NS_ERROR_ILLEGAL_VALUE) [nsIObserverService.removeObserver]

###!!! [Child][RunMessage] Error: Channel closing: too late to send/recv, messages will be lost

1616483992807	mozrunner::runner	INFO	Running command: "C:\\Program Files\\Mozilla Firefox\\firefox.exe" "-marionette" "-foreground" "-no-remote" "-profile" "C:\\Users\\SHIYUQ~1\\AppData\\Local\\Temp\\rust_mozprofile.OyFjMxEl495u"
JavaScript error: resource://gre/modules/XULStore.jsm, line 66: Error: Can't find profile directory.
console.warn: SearchSettings: "get: No settings file exists, new profile?" (new Error("", "(unknown module)"))
1616483997213	Marionette	INFO	Listening on port 54383
1616483997271	Marionette	WARN	TLS certificate errors will be ignored for this session
1616484001863	Marionette	INFO	Stopped listening on port 54383
JavaScript error: resource://activity-stream/lib/ASRouter.jsm, line 988: NS_ERROR_ILLEGAL_VALUE: Component returned failure code: 0x80070057 (NS_ERROR_ILLEGAL_VALUE) [nsIObserverService.removeObserver]

###!!! [Child][RunMessage] Error: Channel closing: too late to send/recv, messages will be lost

1616484006273	mozrunner::runner	INFO	Running command: "C:\\Program Files\\Mozilla Firefox\\firefox.exe" "-marionette" "-foreground" "-no-remote" "-profile" "C:\\Users\\SHIYUQ~1\\AppData\\Local\\Temp\\rust_mozprofile.x3iwIQmj8wLS"
JavaScript error: resource://gre/modules/XULStore.jsm, line 66: Error: Can't find profile directory.
console.warn: SearchSettings: "get: No settings file exists, new profile?" (new Error("", "(unknown module)"))
1616484010691	Marionette	INFO	Listening on port 54458
1616484010756	Marionette	WARN	TLS certificate errors will be ignored for this session
1616484015357	Marionette	INFO	Stopped listening on port 54458
JavaScript error: resource://activity-stream/lib/ASRouter.jsm, line 988: NS_ERROR_ILLEGAL_VALUE: Component returned failure code: 0x80070057 (NS_ERROR_ILLEGAL_VALUE) [nsIObserverService.removeObserver]

###!!! [Child][RunMessage] Error: Channel closing: too late to send/recv, messages will be lost

1616484404100	mozrunner::runner	INFO	Running command: "C:\\Program Files\\Mozilla Firefox\\firefox.exe" "-marionette" "-foreground" "-no-remote" "-profile" "C:\\Users\\SHIYUQ~1\\AppData\\Local\\Temp\\rust_mozprofile.v3dxBx9MkZFs"
JavaScript error: resource://gre/modules/XULStore.jsm, line 66: Error: Can't find profile directory.
console.warn: SearchSettings: "get: No settings file exists, new profile?" (new Error("", "(unknown module)"))
1616484408072	Marionette	INFO	Listening on port 54606
1616484408470	Marionette	WARN	TLS certificate errors will be ignored for this session
1616484412456	Marionette	INFO	Stopped listening on port 54606
JavaScript error: resource://activity-stream/lib/ASRouter.jsm, line 988: NS_ERROR_ILLEGAL_VALUE: Component returned failure code: 0x80070057 (NS_ERROR_ILLEGAL_VALUE) [nsIObserverService.removeObserver]
console.error: services.settings: 
  main/cfr Signature failed  TypeError: NetworkError when attempting to fetch resource.

###!!! [Child][RunMessage] Error: Channel closing: too late to send/recv, messages will be lost

1616484416827	mozrunner::runner	INFO	Running command: "C:\\Program Files\\Mozilla Firefox\\firefox.exe" "-marionette" "-foreground" "-no-remote" "-profile" "C:\\Users\\SHIYUQ~1\\AppData\\Local\\Temp\\rust_mozprofile.UBLY0wkFpJrG"
JavaScript error: resource://gre/modules/XULStore.jsm, line 66: Error: Can't find profile directory.
console.warn: SearchSettings: "get: No settings file exists, new profile?" (new Error("", "(unknown module)"))
1616484420846	Marionette	INFO	Listening on port 54680
1616484421268	Marionette	WARN	TLS certificate errors will be ignored for this session
1616484425287	Marionette	INFO	Stopped listening on port 54680
JavaScript error: resource://activity-stream/lib/ASRouter.jsm, line 988: NS_ERROR_ILLEGAL_VALUE: Component returned failure code: 0x80070057 (NS_ERROR_ILLEGAL_VALUE) [nsIObserverService.removeObserver]
[Parent 27436, IPC I/O Parent] WARNING: file /builds/worker/checkouts/gecko/ipc/chromium/src/base/process_util_win.cc:167

###!!! [Child][RunMessage] Error: Channel closing: too late to send/recv, messages will be lost

1616484869937	mozrunner::runner	INFO	Running command: "C:\\Program Files\\Mozilla Firefox\\firefox.exe" "-marionette" "-foreground" "-no-remote" "-profile" "C:\\Users\\SHIYUQ~1\\AppData\\Local\\Temp\\rust_mozprofile.pIRsbimhnuAJ"
JavaScript error: resource://gre/modules/XULStore.jsm, line 66: Error: Can't find profile directory.
console.warn: SearchSettings: "get: No settings file exists, new profile?" (new Error("", "(unknown module)"))
1616484874194	Marionette	INFO	Listening on port 54836
1616484874379	Marionette	WARN	TLS certificate errors will be ignored for this session
1616484878484	Marionette	INFO	Stopped listening on port 54836
JavaScript error: resource://activity-stream/lib/ASRouter.jsm, line 988: NS_ERROR_ILLEGAL_VALUE: Component returned failure code: 0x80070057 (NS_ERROR_ILLEGAL_VALUE) [nsIObserverService.removeObserver]

###!!! [Child][RunMessage] Error: Channel closing: too late to send/recv, messages will be lost

1616484882795	mozrunner::runner	INFO	Running command: "C:\\Program Files\\Mozilla Firefox\\firefox.exe" "-marionette" "-foreground" "-no-remote" "-profile" "C:\\Users\\SHIYUQ~1\\AppData\\Local\\Temp\\rust_mozprofile.jcz3P4MS25co"
JavaScript error: resource://gre/modules/XULStore.jsm, line 66: Error: Can't find profile directory.
console.warn: SearchSettings: "get: No settings file exists, new profile?" (new Error("", "(unknown module)"))
1616484886784	Marionette	INFO	Listening on port 54917
1616484887164	Marionette	WARN	TLS certificate errors will be ignored for this session
1616484891167	Marionette	INFO	Stopped listening on port 54917
JavaScript error: resource://activity-stream/lib/ASRouter.jsm, line 988: NS_ERROR_ILLEGAL_VALUE: Component returned failure code: 0x80070057 (NS_ERROR_ILLEGAL_VALUE) [nsIObserverService.removeObserver]

###!!! [Child][RunMessage] Error: Channel closing: too late to send/recv, messages will be lost

1616485128358	mozrunner::runner	INFO	Running command: "C:\\Program Files\\Mozilla Firefox\\firefox.exe" "-marionette" "-foreground" "-no-remote" "-profile" "C:\\Users\\SHIYUQ~1\\AppData\\Local\\Temp\\rust_mozprofile.dke2mwN8bLjD"
JavaScript error: resource://gre/modules/XULStore.jsm, line 66: Error: Can't find profile directory.
console.warn: SearchSettings: "get: No settings file exists, new profile?" (new Error("", "(unknown module)"))
1616485132379	Marionette	INFO	Listening on port 55041
1616485132711	Marionette	WARN	TLS certificate errors will be ignored for this session
1616485136791	Marionette	INFO	Stopped listening on port 55041
JavaScript error: resource://activity-stream/lib/ASRouter.jsm, line 988: NS_ERROR_ILLEGAL_VALUE: Component returned failure code: 0x80070057 (NS_ERROR_ILLEGAL_VALUE) [nsIObserverService.removeObserver]

###!!! [Child][RunMessage] Error: Channel closing: too late to send/recv, messages will be lost

1616485141131	mozrunner::runner	INFO	Running command: "C:\\Program Files\\Mozilla Firefox\\firefox.exe" "-marionette" "-foreground" "-no-remote" "-profile" "C:\\Users\\SHIYUQ~1\\AppData\\Local\\Temp\\rust_mozprofile.VIrV1lzStoRb"
JavaScript error: resource://gre/modules/XULStore.jsm, line 66: Error: Can't find profile directory.
console.warn: SearchSettings: "get: No settings file exists, new profile?" (new Error("", "(unknown module)"))
1616485145285	Marionette	INFO	Listening on port 55130
1616485145483	Marionette	WARN	TLS certificate errors will be ignored for this session
1616485149583	Marionette	INFO	Stopped listening on port 55130
JavaScript error: resource://activity-stream/lib/ASRouter.jsm, line 988: NS_ERROR_ILLEGAL_VALUE: Component returned failure code: 0x80070057 (NS_ERROR_ILLEGAL_VALUE) [nsIObserverService.removeObserver]
console.warn: services.settings: main/cfr sync interrupted by shutdown

###!!! [Child][RunMessage] Error: Channel closing: too late to send/recv, messages will be lost

1616486844844	mozrunner::runner	INFO	Running command: "C:\\Program Files\\Mozilla Firefox\\firefox.exe" "-marionette" "-foreground" "-no-remote" "-profile" "C:\\Users\\SHIYUQ~1\\AppData\\Local\\Temp\\rust_mozprofile.TYQ0tpk8sLAt"
JavaScript error: resource://gre/modules/XULStore.jsm, line 66: Error: Can't find profile directory.
console.warn: SearchSettings: "get: No settings file exists, new profile?" (new Error("", "(unknown module)"))
1616486849157	Marionette	INFO	Listening on port 55449
1616486849220	Marionette	WARN	TLS certificate errors will be ignored for this session
1616486853401	Marionette	INFO	Stopped listening on port 55449
JavaScript error: resource://activity-stream/lib/ASRouter.jsm, line 988: NS_ERROR_ILLEGAL_VALUE: Component returned failure code: 0x80070057 (NS_ERROR_ILLEGAL_VALUE) [nsIObserverService.removeObserver]
console.error: services.settings: 
  main/message-groups Signature failed  TypeError: NetworkError when attempting to fetch resource.
console.error: services.settings: 
  main/fxmonitor-breaches Signature failed  TypeError: NetworkError when attempting to fetch resource.

###!!! [Child][RunMessage] Error: Channel closing: too late to send/recv, messages will be lost

1616486857751	mozrunner::runner	INFO	Running command: "C:\\Program Files\\Mozilla Firefox\\firefox.exe" "-marionette" "-foreground" "-no-remote" "-profile" "C:\\Users\\SHIYUQ~1\\AppData\\Local\\Temp\\rust_mozprofile.bT6CWN2c0BXz"
JavaScript error: resource://gre/modules/XULStore.jsm, line 66: Error: Can't find profile directory.
console.warn: SearchSettings: "get: No settings file exists, new profile?" (new Error("", "(unknown module)"))
1616486861909	Marionette	INFO	Listening on port 55536
1616486862100	Marionette	WARN	TLS certificate errors will be ignored for this session
1616486866246	Marionette	INFO	Stopped listening on port 55536
JavaScript error: resource://activity-stream/lib/ASRouter.jsm, line 988: NS_ERROR_ILLEGAL_VALUE: Component returned failure code: 0x80070057 (NS_ERROR_ILLEGAL_VALUE) [nsIObserverService.removeObserver]

###!!! [Child][RunMessage] Error: Channel closing: too late to send/recv, messages will be lost

1616634345012	mozrunner::runner	INFO	Running command: "C:\\Program Files\\Mozilla Firefox\\firefox.exe" "-marionette" "-foreground" "-no-remote" "-profile" "C:\\Users\\SHIYUQ~1\\AppData\\Local\\Temp\\rust_mozprofile.DwJV8sYHI0hX"
JavaScript error: resource://gre/modules/XULStore.jsm, line 66: Error: Can't find profile directory.
console.warn: SearchSettings: "get: No settings file exists, new profile?" (new Error("", "(unknown module)"))
1616634349501	Marionette	INFO	Listening on port 64035
1616634349977	Marionette	WARN	TLS certificate errors will be ignored for this session
1616634354212	Marionette	INFO	Stopped listening on port 64035
JavaScript error: resource://activity-stream/lib/ASRouter.jsm, line 988: NS_ERROR_ILLEGAL_VALUE: Component returned failure code: 0x80070057 (NS_ERROR_ILLEGAL_VALUE) [nsIObserverService.removeObserver]
console.warn: services.settings: main/cfr sync interrupted by shutdown

###!!! [Child][RunMessage] Error: Channel closing: too late to send/recv, messages will be lost

1616634358510	mozrunner::runner	INFO	Running command: "C:\\Program Files\\Mozilla Firefox\\firefox.exe" "-marionette" "-foreground" "-no-remote" "-profile" "C:\\Users\\SHIYUQ~1\\AppData\\Local\\Temp\\rust_mozprofile.YQS4W7XifLvY"
JavaScript error: resource://gre/modules/XULStore.jsm, line 66: Error: Can't find profile directory.
console.warn: SearchSettings: "get: No settings file exists, new profile?" (new Error("", "(unknown module)"))
1616634362270	Marionette	INFO	Listening on port 64124
1616634362371	Marionette	WARN	TLS certificate errors will be ignored for this session
1616634366697	Marionette	INFO	Stopped listening on port 64124

###!!! [Child][RunMessage] Error: Channel closing: too late to send/recv, messages will be lost

1616634536971	mozrunner::runner	INFO	Running command: "C:\\Program Files\\Mozilla Firefox\\firefox.exe" "-marionette" "-foreground" "-no-remote" "-profile" "C:\\Users\\SHIYUQ~1\\AppData\\Local\\Temp\\rust_mozprofile.GHNimLomZK74"
JavaScript error: resource://gre/modules/XULStore.jsm, line 66: Error: Can't find profile directory.
console.warn: SearchSettings: "get: No settings file exists, new profile?" (new Error("", "(unknown module)"))
1616634540877	Marionette	INFO	Listening on port 64255
1616634541312	Marionette	WARN	TLS certificate errors will be ignored for this session
1616634545218	Marionette	INFO	Stopped listening on port 64255

###!!! [Child][RunMessage] Error: Channel closing: too late to send/recv, messages will be lost

1616634549316	mozrunner::runner	INFO	Running command: "C:\\Program Files\\Mozilla Firefox\\firefox.exe" "-marionette" "-foreground" "-no-remote" "-profile" "C:\\Users\\SHIYUQ~1\\AppData\\Local\\Temp\\rust_mozprofile.ZFX4ll5oVLYt"
JavaScript error: resource://gre/modules/XULStore.jsm, line 66: Error: Can't find profile directory.
console.warn: SearchSettings: "get: No settings file exists, new profile?" (new Error("", "(unknown module)"))
1616634553021	Marionette	INFO	Listening on port 64351
1616634553168	Marionette	WARN	TLS certificate errors will be ignored for this session
1616634557435	Marionette	INFO	Stopped listening on port 64351
JavaScript error: resource://activity-stream/lib/ASRouter.jsm, line 988: NS_ERROR_ILLEGAL_VALUE: Component returned failure code: 0x80070057 (NS_ERROR_ILLEGAL_VALUE) [nsIObserverService.removeObserver]
console.error: services.settings: 
  main/whats-new-panel Signature failed  TypeError: NetworkError when attempting to fetch resource.

###!!! [Child][RunMessage] Error: Channel closing: too late to send/recv, messages will be lost

1616637119470	mozrunner::runner	INFO	Running command: "C:\\Program Files\\Mozilla Firefox\\firefox.exe" "-marionette" "-foreground" "-no-remote" "-profile" "C:\\Users\\SHIYUQ~1\\AppData\\Local\\Temp\\rust_mozprofile.Ke98SL3YwUFx"
JavaScript error: resource://gre/modules/XULStore.jsm, line 66: Error: Can't find profile directory.
console.warn: SearchSettings: "get: No settings file exists, new profile?" (new Error("", "(unknown module)"))
1616637124360	Marionette	INFO	Listening on port 64788
1616637124536	Marionette	WARN	TLS certificate errors will be ignored for this session
1616637128644	Marionette	INFO	Stopped listening on port 64788
JavaScript error: resource://activity-stream/lib/ASRouter.jsm, line 988: NS_ERROR_ILLEGAL_VALUE: Component returned failure code: 0x80070057 (NS_ERROR_ILLEGAL_VALUE) [nsIObserverService.removeObserver]
console.warn: services.settings: main/cfr-fxa sync interrupted by shutdown
1616637133268	mozrunner::runner	INFO	Running command: "C:\\Program Files\\Mozilla Firefox\\firefox.exe" "-marionette" "-foreground" "-no-remote" "-profile" "C:\\Users\\SHIYUQ~1\\AppData\\Local\\Temp\\rust_mozprofile.kbxclTu437w9"
JavaScript error: resource://gre/modules/XULStore.jsm, line 66: Error: Can't find profile directory.
console.warn: SearchSettings: "get: No settings file exists, new profile?" (new Error("", "(unknown module)"))
1616637137028	Marionette	INFO	Listening on port 64864
1616637137127	Marionette	WARN	TLS certificate errors will be ignored for this session
1616637141074	Marionette	INFO	Stopped listening on port 64864
JavaScript error: resource://activity-stream/lib/ASRouter.jsm, line 988: NS_ERROR_ILLEGAL_VALUE: Component returned failure code: 0x80070057 (NS_ERROR_ILLEGAL_VALUE) [nsIObserverService.removeObserver]
console.error: services.settings: 
  main/cfr-fxa Signature failed  TypeError: NetworkError when attempting to fetch resource.

###!!! [Child][RunMessage] Error: Channel closing: too late to send/recv, messages will be lost

1616637299748	mozrunner::runner	INFO	Running command: "C:\\Program Files\\Mozilla Firefox\\firefox.exe" "-marionette" "-foreground" "-no-remote" "-profile" "C:\\Users\\SHIYUQ~1\\AppData\\Local\\Temp\\rust_mozprofile.31w1Zdv9ZabJ"
JavaScript error: resource://gre/modules/XULStore.jsm, line 66: Error: Can't find profile directory.
console.warn: SearchSettings: "get: No settings file exists, new profile?" (new Error("", "(unknown module)"))
1616637303569	Marionette	INFO	Listening on port 64985
1616637304185	Marionette	WARN	TLS certificate errors will be ignored for this session
1616637311403	Marionette	INFO	Stopped listening on port 64985

###!!! [Child][RunMessage] Error: Channel closing: too late to send/recv, messages will be lost

1616637315716	mozrunner::runner	INFO	Running command: "C:\\Program Files\\Mozilla Firefox\\firefox.exe" "-marionette" "-foreground" "-no-remote" "-profile" "C:\\Users\\SHIYUQ~1\\AppData\\Local\\Temp\\rust_mozprofile.E1qZy4D2l2C8"
JavaScript error: resource://gre/modules/XULStore.jsm, line 66: Error: Can't find profile directory.
console.warn: SearchSettings: "get: No settings file exists, new profile?" (new Error("", "(unknown module)"))
1616637319418	Marionette	INFO	Listening on port 65075
1616637319571	Marionette	WARN	TLS certificate errors will be ignored for this session
1616637326758	Marionette	INFO	Stopped listening on port 65075

###!!! [Child][RunMessage] Error: Channel closing: too late to send/recv, messages will be lost

1616649458027	mozrunner::runner	INFO	Running command: "C:\\Program Files\\Mozilla Firefox\\firefox.exe" "-marionette" "-foreground" "-no-remote" "-profile" "C:\\Users\\SHIYUQ~1\\AppData\\Local\\Temp\\rust_mozprofile.dOYEg7bNERj5"
JavaScript error: resource://gre/modules/XULStore.jsm, line 66: Error: Can't find profile directory.
console.warn: SearchSettings: "get: No settings file exists, new profile?" (new Error("", "(unknown module)"))
1616649462136	Marionette	INFO	Listening on port 50471
1616649462393	Marionette	WARN	TLS certificate errors will be ignored for this session
1616649469452	Marionette	INFO	Stopped listening on port 50471
1616649474136	mozrunner::runner	INFO	Running command: "C:\\Program Files\\Mozilla Firefox\\firefox.exe" "-marionette" "-foreground" "-no-remote" "-profile" "C:\\Users\\SHIYUQ~1\\AppData\\Local\\Temp\\rust_mozprofile.JVfJqhWw0UPj"
JavaScript error: resource://gre/modules/XULStore.jsm, line 66: Error: Can't find profile directory.
console.warn: SearchSettings: "get: No settings file exists, new profile?" (new Error("", "(unknown module)"))
1616649477819	Marionette	INFO	Listening on port 50571
1616649477979	Marionette	WARN	TLS certificate errors will be ignored for this session
1616649485022	Marionette	INFO	Stopped listening on port 50571
JavaScript error: resource://activity-stream/lib/ASRouter.jsm, line 988: NS_ERROR_ILLEGAL_VALUE: Component returned failure code: 0x80070057 (NS_ERROR_ILLEGAL_VALUE) [nsIObserverService.removeObserver]
console.error: services.settings: 
  main/cfr Signature failed  TypeError: NetworkError when attempting to fetch resource.

###!!! [Child][RunMessage] Error: Channel closing: too late to send/recv, messages will be lost

1616649864646	mozrunner::runner	INFO	Running command: "C:\\Program Files\\Mozilla Firefox\\firefox.exe" "-marionette" "-foreground" "-no-remote" "-profile" "C:\\Users\\SHIYUQ~1\\AppData\\Local\\Temp\\rust_mozprofile.85Wx9BJq3VjH"
JavaScript error: resource://gre/modules/XULStore.jsm, line 66: Error: Can't find profile directory.
console.warn: SearchSettings: "get: No settings file exists, new profile?" (new Error("", "(unknown module)"))
1616649868334	Marionette	INFO	Listening on port 50695
1616649868504	Marionette	WARN	TLS certificate errors will be ignored for this session
1616649875633	Marionette	INFO	Stopped listening on port 50695

###!!! [Child][RunMessage] Error: Channel closing: too late to send/recv, messages will be lost

1616649881008	mozrunner::runner	INFO	Running command: "C:\\Program Files\\Mozilla Firefox\\firefox.exe" "-marionette" "-foreground" "-no-remote" "-profile" "C:\\Users\\SHIYUQ~1\\AppData\\Local\\Temp\\rust_mozprofile.6BRn3hJU7zoy"
JavaScript error: resource://gre/modules/XULStore.jsm, line 66: Error: Can't find profile directory.
console.warn: SearchSettings: "get: No settings file exists, new profile?" (new Error("", "(unknown module)"))
1616649884720	Marionette	INFO	Listening on port 50790
1616649884853	Marionette	WARN	TLS certificate errors will be ignored for this session
1616649892004	Marionette	INFO	Stopped listening on port 50790
JavaScript error: resource://activity-stream/lib/ASRouter.jsm, line 988: NS_ERROR_ILLEGAL_VALUE: Component returned failure code: 0x80070057 (NS_ERROR_ILLEGAL_VALUE) [nsIObserverService.removeObserver]
console.error: services.settings: 
  main/message-groups Signature failed  TypeError: NetworkError when attempting to fetch resource.
console.error: services.settings: 
  main/partitioning-exempt-urls Signature failed  TypeError: NetworkError when attempting to fetch resource.
console.error: services.settings: 
  main/fxmonitor-breaches Signature failed  Error: Shutdown, aborting read-only worker requests.

###!!! [Child][RunMessage] Error: Channel closing: too late to send/recv, messages will be lost

1616651728714	mozrunner::runner	INFO	Running command: "C:\\Program Files\\Mozilla Firefox\\firefox.exe" "-marionette" "-foreground" "-no-remote" "-profile" "C:\\Users\\SHIYUQ~1\\AppData\\Local\\Temp\\rust_mozprofile.8fT8f0Wmsq7a"
JavaScript error: resource://gre/modules/XULStore.jsm, line 66: Error: Can't find profile directory.
console.warn: SearchSettings: "get: No settings file exists, new profile?" (new Error("", "(unknown module)"))
1616651732610	Marionette	INFO	Listening on port 51691
1616651733046	Marionette	WARN	TLS certificate errors will be ignored for this session
1616651740061	Marionette	INFO	Stopped listening on port 51691

###!!! [Child][RunMessage] Error: Channel closing: too late to send/recv, messages will be lost

1616651746232	mozrunner::runner	INFO	Running command: "C:\\Program Files\\Mozilla Firefox\\firefox.exe" "-marionette" "-foreground" "-no-remote" "-profile" "C:\\Users\\SHIYUQ~1\\AppData\\Local\\Temp\\rust_mozprofile.cRWfG7FTuwZu"
JavaScript error: resource://gre/modules/XULStore.jsm, line 66: Error: Can't find profile directory.
console.warn: SearchSettings: "get: No settings file exists, new profile?" (new Error("", "(unknown module)"))
1616651749877	Marionette	INFO	Listening on port 51791
1616651750083	Marionette	WARN	TLS certificate errors will be ignored for this session
1616651757237	Marionette	INFO	Stopped listening on port 51791

###!!! [Child][RunMessage] Error: Channel closing: too late to send/recv, messages will be lost

1616660561374	mozrunner::runner	INFO	Running command: "C:\\Program Files\\Mozilla Firefox\\firefox.exe" "-marionette" "-foreground" "-no-remote" "-profile" "C:\\Users\\SHIYUQ~1\\AppData\\Local\\Temp\\rust_mozprofile.P63LAV82EeQD"
JavaScript error: resource://gre/modules/XULStore.jsm, line 66: Error: Can't find profile directory.
console.warn: SearchSettings: "get: No settings file exists, new profile?" (new Error("", "(unknown module)"))
1616660565681	Marionette	INFO	Listening on port 53548
1616660565730	Marionette	WARN	TLS certificate errors will be ignored for this session
1616660572980	Marionette	INFO	Stopped listening on port 53548
1616660577351	mozrunner::runner	INFO	Running command: "C:\\Program Files\\Mozilla Firefox\\firefox.exe" "-marionette" "-foreground" "-no-remote" "-profile" "C:\\Users\\SHIYUQ~1\\AppData\\Local\\Temp\\rust_mozprofile.8cirtn9kEWJH"
JavaScript error: resource://gre/modules/XULStore.jsm, line 66: Error: Can't find profile directory.
console.warn: SearchSettings: "get: No settings file exists, new profile?" (new Error("", "(unknown module)"))
1616660581037	Marionette	INFO	Listening on port 53644
1616660581211	Marionette	WARN	TLS certificate errors will be ignored for this session
1616660588551	Marionette	INFO	Stopped listening on port 53644

###!!! [Child][RunMessage] Error: Channel closing: too late to send/recv, messages will be lost

1616661188942	mozrunner::runner	INFO	Running command: "C:\\Program Files\\Mozilla Firefox\\firefox.exe" "-marionette" "-foreground" "-no-remote" "-profile" "C:\\Users\\SHIYUQ~1\\AppData\\Local\\Temp\\rust_mozprofile.hqA7e0ANDhC7"
JavaScript error: resource://gre/modules/XULStore.jsm, line 66: Error: Can't find profile directory.
console.warn: SearchSettings: "get: No settings file exists, new profile?" (new Error("", "(unknown module)"))
1616661192742	Marionette	INFO	Listening on port 53887
1616661192794	Marionette	WARN	TLS certificate errors will be ignored for this session
1616661200063	Marionette	INFO	Stopped listening on port 53887
JavaScript error: resource://activity-stream/lib/ASRouter.jsm, line 988: NS_ERROR_ILLEGAL_VALUE: Component returned failure code: 0x80070057 (NS_ERROR_ILLEGAL_VALUE) [nsIObserverService.removeObserver]

###!!! [Child][RunMessage] Error: Channel closing: too late to send/recv, messages will be lost

1616661204568	mozrunner::runner	INFO	Running command: "C:\\Program Files\\Mozilla Firefox\\firefox.exe" "-marionette" "-foreground" "-no-remote" "-profile" "C:\\Users\\SHIYUQ~1\\AppData\\Local\\Temp\\rust_mozprofile.F4LExojGDBmN"
JavaScript error: resource://gre/modules/XULStore.jsm, line 66: Error: Can't find profile directory.
console.warn: SearchSettings: "get: No settings file exists, new profile?" (new Error("", "(unknown module)"))
1616661208356	Marionette	INFO	Listening on port 53978
1616661208428	Marionette	WARN	TLS certificate errors will be ignored for this session
1616661215546	Marionette	INFO	Stopped listening on port 53978

###!!! [Child][RunMessage] Error: Channel closing: too late to send/recv, messages will be lost

1616836746943	mozrunner::runner	INFO	Running command: "C:\\Program Files\\Mozilla Firefox\\firefox.exe" "-marionette" "-foreground" "-no-remote" "-profile" "C:\\Users\\SHIYUQ~1\\AppData\\Local\\Temp\\rust_mozprofile.tpPPBUpA44Us"
1616836751148	mozrunner::runner	INFO	Running command: "C:\\Program Files\\Mozilla Firefox\\firefox.exe" "-marionette" "-foreground" "-no-remote" "-profile" "C:\\Users\\SHIYUQ~1\\AppData\\Local\\Temp\\rust_mozprofile.p0mcLpGKL5e7"
JavaScript error: resource://gre/modules/XULStore.jsm, line 66: Error: Can't find profile directory.
console.warn: SearchSettings: "get: No settings file exists, new profile?" (new Error("", "(unknown module)"))
1616836756208	Marionette	INFO	Listening on port 61531
1616836756598	Marionette	WARN	TLS certificate errors will be ignored for this session
1616836764391	Marionette	INFO	Stopped listening on port 61531

###!!! [Child][RunMessage] Error: Channel closing: too late to send/recv, messages will be lost

[Parent 22608, IPC I/O Parent] WARNING: file /builds/worker/checkouts/gecko/ipc/chromium/src/base/process_util_win.cc:167
1616836945702	mozrunner::runner	INFO	Running command: "C:\\Program Files\\Mozilla Firefox\\firefox.exe" "-marionette" "-foreground" "-no-remote" "-profile" "C:\\Users\\SHIYUQ~1\\AppData\\Local\\Temp\\rust_mozprofile.6THnRU57Wiza"
JavaScript error: resource://gre/modules/XULStore.jsm, line 66: Error: Can't find profile directory.
console.warn: SearchSettings: "get: No settings file exists, new profile?" (new Error("", "(unknown module)"))
1616836949330	Marionette	INFO	Listening on port 61722
1616836949550	Marionette	WARN	TLS certificate errors will be ignored for this session
1616836956403	Marionette	INFO	Stopped listening on port 61722

###!!! [Child][RunMessage] Error: Channel closing: too late to send/recv, messages will be lost

1616836960538	mozrunner::runner	INFO	Running command: "C:\\Program Files\\Mozilla Firefox\\firefox.exe" "-marionette" "-foreground" "-no-remote" "-profile" "C:\\Users\\SHIYUQ~1\\AppData\\Local\\Temp\\rust_mozprofile.bsRjyqFR1HfE"
JavaScript error: resource://gre/modules/XULStore.jsm, line 66: Error: Can't find profile directory.
console.warn: SearchSettings: "get: No settings file exists, new profile?" (new Error("", "(unknown module)"))
1616836963855	Marionette	INFO	Listening on port 61811
1616836963894	Marionette	WARN	TLS certificate errors will be ignored for this session
1616836970773	Marionette	INFO	Stopped listening on port 61811
1616848989318	mozrunner::runner	INFO	Running command: "C:\\Program Files\\Mozilla Firefox\\firefox.exe" "-marionette" "-foreground" "-no-remote" "-profile" "C:\\Users\\SHIYUQ~1\\AppData\\Local\\Temp\\rust_mozprofile.5blmL1WcYptY"
JavaScript error: resource://gre/modules/XULStore.jsm, line 66: Error: Can't find profile directory.
console.warn: SearchSettings: "get: No settings file exists, new profile?" (new Error("", "(unknown module)"))
1616848995029	Marionette	INFO	Listening on port 51922
1616848995488	Marionette	WARN	TLS certificate errors will be ignored for this session
console.error: Region.jsm: "Error fetching region" (new Error("TIMEOUT", "resource://gre/modules/Region.jsm", 772))
console.error: Region.jsm: "Failed to fetch region" (new Error("TIMEOUT", "resource://gre/modules/Region.jsm", 419))
1616849002984	Marionette	INFO	Stopped listening on port 51922

###!!! [Child][RunMessage] Error: Channel closing: too late to send/recv, messages will be lost

1616849007979	mozrunner::runner	INFO	Running command: "C:\\Program Files\\Mozilla Firefox\\firefox.exe" "-marionette" "-foreground" "-no-remote" "-profile" "C:\\Users\\SHIYUQ~1\\AppData\\Local\\Temp\\rust_mozprofile.Os2pHLLXWtRX"
JavaScript error: resource://gre/modules/XULStore.jsm, line 66: Error: Can't find profile directory.
console.warn: SearchSettings: "get: No settings file exists, new profile?" (new Error("", "(unknown module)"))
1616849012788	Marionette	INFO	Listening on port 52029
1616849013159	Marionette	WARN	TLS certificate errors will be ignored for this session
1616849020804	Marionette	INFO	Stopped listening on port 52029

###!!! [Child][RunMessage] Error: Channel closing: too late to send/recv, messages will be lost

1616849251862	mozrunner::runner	INFO	Running command: "C:\\Program Files\\Mozilla Firefox\\firefox.exe" "-marionette" "-foreground" "-no-remote" "-profile" "C:\\Users\\SHIYUQ~1\\AppData\\Local\\Temp\\rust_mozprofile.RQWOQi2RudSW"
JavaScript error: resource://gre/modules/XULStore.jsm, line 66: Error: Can't find profile directory.
console.warn: SearchSettings: "get: No settings file exists, new profile?" (new Error("", "(unknown module)"))
1616849256567	Marionette	INFO	Listening on port 52426
1616849256847	Marionette	WARN	TLS certificate errors will be ignored for this session
1616849265602	Marionette	INFO	Stopped listening on port 52426
1616849270774	mozrunner::runner	INFO	Running command: "C:\\Program Files\\Mozilla Firefox\\firefox.exe" "-marionette" "-foreground" "-no-remote" "-profile" "C:\\Users\\SHIYUQ~1\\AppData\\Local\\Temp\\rust_mozprofile.YwpnM4UPWNuS"
JavaScript error: resource://gre/modules/XULStore.jsm, line 66: Error: Can't find profile directory.
console.warn: SearchSettings: "get: No settings file exists, new profile?" (new Error("", "(unknown module)"))
1616849275904	Marionette	INFO	Listening on port 52542
1616849276389	Marionette	WARN	TLS certificate errors will be ignored for this session
1616849285086	Marionette	INFO	Stopped listening on port 52542
1616849377638	mozrunner::runner	INFO	Running command: "C:\\Program Files\\Mozilla Firefox\\firefox.exe" "-marionette" "-foreground" "-no-remote" "-profile" "C:\\Users\\SHIYUQ~1\\AppData\\Local\\Temp\\rust_mozprofile.qLFIYhfm15ar"
JavaScript error: resource://gre/modules/XULStore.jsm, line 66: Error: Can't find profile directory.
console.warn: SearchSettings: "get: No settings file exists, new profile?" (new Error("", "(unknown module)"))
1616849382074	Marionette	INFO	Listening on port 52797
1616849382132	Marionette	WARN	TLS certificate errors will be ignored for this session
1616849391876	Marionette	INFO	Stopped listening on port 52797
console.error: services.settings: 
  main/fxmonitor-breaches Signature failed  TypeError: NetworkError when attempting to fetch resource.
console.error: services.settings: 
  main/partitioning-exempt-urls Signature failed  TypeError: NetworkError when attempting to fetch resource.
console.error: services.settings: 
  main/message-groups Signature failed  TypeError: NetworkError when attempting to fetch resource.
1616849396618	mozrunner::runner	INFO	Running command: "C:\\Program Files\\Mozilla Firefox\\firefox.exe" "-marionette" "-foreground" "-no-remote" "-profile" "C:\\Users\\SHIYUQ~1\\AppData\\Local\\Temp\\rust_mozprofile.q0XzFnqpBztp"
JavaScript error: resource://gre/modules/XULStore.jsm, line 66: Error: Can't find profile directory.
console.warn: SearchSettings: "get: No settings file exists, new profile?" (new Error("", "(unknown module)"))
1616849400998	Marionette	INFO	Listening on port 52921
1616849401030	Marionette	WARN	TLS certificate errors will be ignored for this session
1616849411268	Marionette	INFO	Stopped listening on port 52921

###!!! [Child][RunMessage] Error: Channel closing: too late to send/recv, messages will be lost

1616931838215	mozrunner::runner	INFO	Running command: "C:\\Program Files\\Mozilla Firefox\\firefox.exe" "-marionette" "-foreground" "-no-remote" "-profile" "C:\\Users\\SHIYUQ~1\\AppData\\Local\\Temp\\rust_mozprofile.f5f9AuvXAvRg"
JavaScript error: resource://gre/modules/XULStore.jsm, line 66: Error: Can't find profile directory.
console.warn: SearchSettings: "get: No settings file exists, new profile?" (new Error("", "(unknown module)"))
1616931844272	Marionette	INFO	Listening on port 57106
1616931844889	Marionette	WARN	TLS certificate errors will be ignored for this session
1616931853761	Marionette	INFO	Stopped listening on port 57106

###!!! [Child][RunMessage] Error: Channel closing: too late to send/recv, messages will be lost

1616931858292	mozrunner::runner	INFO	Running command: "C:\\Program Files\\Mozilla Firefox\\firefox.exe" "-marionette" "-foreground" "-no-remote" "-profile" "C:\\Users\\SHIYUQ~1\\AppData\\Local\\Temp\\rust_mozprofile.Y2NaqvDMKl0u"
JavaScript error: resource://gre/modules/XULStore.jsm, line 66: Error: Can't find profile directory.
console.warn: SearchSettings: "get: No settings file exists, new profile?" (new Error("", "(unknown module)"))
1616931862025	Marionette	INFO	Listening on port 57269
1616931862127	Marionette	WARN	TLS certificate errors will be ignored for this session
1616931871516	Marionette	INFO	Stopped listening on port 57269

###!!! [Child][RunMessage] Error: Channel closing: too late to send/recv, messages will be lost

